

╭─ STRIX ──────────────────────────────────────────────────────────────────────╮
│                                                                              │
│  Penetration test initiated                                                  │
│                                                                              │
│  Target  /home/ubuntu/src/coinpayportal                                      │
│  Output  strix_runs/coinpayportal_21b0                                       │
│                                                                              │
│  Vulnerabilities will be displayed in real-time.                             │
│                                                                              │
╰──────────────────────────────────────────────────────────────────────────────╯


╭─ VULN-0001 ──────────────────────────────────────────────────────────────────╮
│                                                                              │
│  Vulnerability Report                                                        │
│                                                                              │
│  Title: Secure JWT Implementation in CoinPayPortal                           │
│                                                                              │
│  Severity: NONE                                                              │
│                                                                              │
│  CVSS Score: 0.0                                                             │
│                                                                              │
│  Target: Repository: CoinPayPortal                                           │
│                                                                              │
│  CVSS Vector: AV:N/AC:L/PR:N/UI:N/S:U/C:N/I:N/A:N                            │
│                                                                              │
│  Description                                                                 │
│  The JWT implementation in CoinPayPortal was analyzed. The focus was on      │
│  ensuring correct usage of signing algorithms and proper implementation of   │
│  JWT signature verifications.                                                │
│                                                                              │
│  Impact                                                                      │
│  The implementation of JWT ensures secure token generation and verification  │
│  using HS256. There is not any algorithm downgrade vulnerability.            │
│                                                                              │
│  Technical Analysis                                                          │
│  The examination showed that `.ts` files contain logic for JWT operations    │
│  using the `jsonwebtoken` library. Tokens are signed and verified using the  │
│  specified algorithm HS256. Handling for expired and invalid tokens is done  │
│  explicitly, with functions for decoding JWTs without validation also        │
│  provided safely for flexibility.                                            │
│                                                                              │
│  PoC Description                                                             │
│  Review of critical methods involved in token handling indicates adherence   │
│  to secure JWT practices - no vulnerabilities related to RS256 to HS256      │
│  downgrades. Verification consistently uses HS256 as the hoped-for setting.  │
│                                                                              │
│  PoC Code                                                                    │
│  console.log("No exploit code applicable as implementation adheres to        │
│  secure JWT standards.");                                                    │
│                                                                              │
│  Code File: /workspace/coinpayportal/src/lib/auth/jwt.ts                     │
│                                                                              │
│  Remediation                                                                 │
│  No immediate remediation required given HS256 usage congruent with project  │
│  requirements. Algorithm choice must align with intended security modes      │
│  (e.g., RS256 for asymmetric needs).                                         │
│                                                                              │
╰──────────────────────────────────────────────────────────────────────────────╯

